Traceback (most recent call last):
  File "/Users/longfeichen/研究生/Web3MLM/testing/sol_batch_compile-main/batchCompile.py", line 161, in multi_process_directory
    compiled_sol = compile_contract(path, version, filename, copy.deepcopy(settings))
                   ^^^^^^^^^^^^^^^^^^^^^^^^^^^^^^^^^^^^^^^^^^^^^^^^^^^^^^^^^^^^^^^^^^
  File "/Users/longfeichen/研究生/Web3MLM/testing/sol_batch_compile-main/batchCompile.py", line 115, in compile_contract
    compiled_sol = compile_standard(setting, allow_paths=path, solc_version=version)
                   ^^^^^^^^^^^^^^^^^^^^^^^^^^^^^^^^^^^^^^^^^^^^^^^^^^^^^^^^^^^^^^^^^
  File "/Users/longfeichen/.env/compile_solidity/lib/python3.12/site-packages/solcx/main.py", line 369, in compile_standard
    raise SolcError(
solcx.exceptions.SolcError: 04_04_WalletSimple.sol:3:1: ParserError: Source "TransferHelper.sol" not found: File outside of allowed directories.
import './TransferHelper.sol';
^----------------------------^

04_04_WalletSimple.sol:4:1: ParserError: Source "Forwarder.sol" not found: File outside of allowed directories.
import './Forwarder.sol';
^-----------------------^

04_04_WalletSimple.sol:5:1: ParserError: Source "ERC20Interface.sol" not found: File outside of allowed directories.
import './ERC20Interface.sol';
^----------------------------^

> command: `/Users/longfeichen/.solcx/solc-v0.7.5 --standard-json --allow-paths /Users/longfeichen/研究生/Web3MLM/testing/sol_batch_compile-main/contracts/0x5e89496280bf8a87fd52ba97f38c99a8c16c5d1d_WalletSimple`
> return code: `0`
> stdout:
{"errors":[{"component":"general","errorCode":"6275","formattedMessage":"04_04_WalletSimple.sol:3:1: ParserError: Source \"TransferHelper.sol\" not found: File outside of allowed directories.\nimport './TransferHelper.sol';\n^----------------------------^\n","message":"Source \"TransferHelper.sol\" not found: File outside of allowed directories.","severity":"error","sourceLocation":{"end":92,"file":"04_04_WalletSimple.sol","start":62},"type":"ParserError"},{"component":"general","errorCode":"6275","formattedMessage":"04_04_WalletSimple.sol:4:1: ParserError: Source \"Forwarder.sol\" not found: File outside of allowed directories.\nimport './Forwarder.sol';\n^-----------------------^\n","message":"Source \"Forwarder.sol\" not found: File outside of allowed directories.","severity":"error","sourceLocation":{"end":118,"file":"04_04_WalletSimple.sol","start":93},"type":"ParserError"},{"component":"general","errorCode":"6275","formattedMessage":"04_04_WalletSimple.sol:5:1: ParserError: Source \"ERC20Interface.sol\" not found: File outside of allowed directories.\nimport './ERC20Interface.sol';\n^----------------------------^\n","message":"Source \"ERC20Interface.sol\" not found: File outside of allowed directories.","severity":"error","sourceLocation":{"end":149,"file":"04_04_WalletSimple.sol","start":119},"type":"ParserError"}],"sources":{}}

> stderr:
