Traceback (most recent call last):
  File "d:\pytest\test2.py", line 88, in process_directory
    compiled_sol = compile_contract(path, version, filename)
                   ^^^^^^^^^^^^^^^^^^^^^^^^^^^^^^^^^^^^^^^^^
  File "d:\pytest\test2.py", line 73, in compile_contract
    compiled_sol = compile_standard(setting, solc_version=version)
                   ^^^^^^^^^^^^^^^^^^^^^^^^^^^^^^^^^^^^^^^^^^^^^^^
  File "C:\Python312\Lib\site-packages\solcx\main.py", line 369, in compile_standard
    raise SolcError(
solcx.exceptions.SolcError: 01_32_FlashDepot.sol:6:1: ParserError: Source "04_32_IBeanstalk.sol" not found: File outside of allowed directories.
import {IBeanstalk, To, From} from "./04_32_IBeanstalk.sol";
^----------------------------------------------------------^

01_32_FlashDepot.sol:7:1: ParserError: Source "02_32_DepotFacet.sol" not found: File outside of allowed directories.
import {DepotFacet} from "./02_32_DepotFacet.sol";
^------------------------------------------------^

01_32_FlashDepot.sol:8:1: ParserError: Source "03_32_TokenSupportFacet.sol" not found: File outside of allowed directories.
import {TokenSupportFacet} from "./03_32_TokenSupportFacet.sol";
^--------------------------------------------------------------^

01_32_FlashDepot.sol:9:1: ParserError: Source "14_32_LibFunction.sol" not found: File outside of allowed directories.
import {LibFunction} from "./14_32_LibFunction.sol";
^--------------------------------------------------^

01_32_FlashDepot.sol:10:1: ParserError: Source "13_32_LibFlashLoan.sol" not found: File outside of allowed directories.
import {LibFlashLoan} from "./13_32_LibFlashLoan.sol";
^----------------------------------------------------^

01_32_FlashDepot.sol:11:1: ParserError: Source "30_32_SafeERC20.sol" not found: File outside of allowed directories.
import {SafeERC20} from "./30_32_SafeERC20.sol";
^----------------------------------------------^

01_32_FlashDepot.sol:12:1: ParserError: Source "25_32_IERC20Permit.sol" not found: File outside of allowed directories.
import {IERC20Permit} from "./25_32_IERC20Permit.sol";
^----------------------------------------------------^

01_32_FlashDepot.sol:13:1: ParserError: Source "28_32_IERC1155.sol" not found: File outside of allowed directories.
import {IERC1155} from "./28_32_IERC1155.sol";
^--------------------------------------------^

01_32_FlashDepot.sol:14:1: ParserError: Source "05_32_IERC4494.sol" not found: File outside of allowed directories.
import {IERC4494} from "./05_32_IERC4494.sol";
^--------------------------------------------^

01_32_FlashDepot.sol:15:1: ParserError: Source "31_32_IERC721.sol" not found: File outside of allowed directories.
import {IERC721} from "./31_32_IERC721.sol";
^------------------------------------------^

01_32_FlashDepot.sol:16:1: ParserError: Source "19_32_IERC20.sol" not found: File outside of allowed directories.
import {IERC20} from "./19_32_IERC20.sol";
^----------------------------------------^

01_32_FlashDepot.sol:17:1: ParserError: Source "06_32_IFlashLoanRecipient.sol" not found: File outside of allowed directories.
import {IFlashLoanRecipient} from "./06_32_IFlashLoanRecipient.sol";
^------------------------------------------------------------------^

01_32_FlashDepot.sol:18:1: ParserError: Source "08_32_IVault.sol" not found: File outside of allowed directories.
import {IVault} from "./08_32_IVault.sol";
^----------------------------------------^

> command: `C:\Users\54573\.solcx\solc-v0.7.6\solc.exe --standard-json`
> return code: `0`
> stdout:
{"errors":[{"component":"general","errorCode":"6275","formattedMessage":"01_32_FlashDepot.sol:6:1: ParserError: Source \"04_32_IBeanstalk.sol\" not found: File outside of allowed directories.\nimport {IBeanstalk, To, From} from \"./04_32_IBeanstalk.sol\";\n^----------------------------------------------------------^\n","message":"Source \"04_32_IBeanstalk.sol\" not found: File outside of allowed directories.","severity":"error","sourceLocation":{"end":152,"file":"01_32_FlashDepot.sol","start":92},"type":"ParserError"},{"component":"general","errorCode":"6275","formattedMessage":"01_32_FlashDepot.sol:7:1: ParserError: Source \"02_32_DepotFacet.sol\" not found: File outside of allowed directories.\nimport {DepotFacet} from \"./02_32_DepotFacet.sol\";\n^------------------------------------------------^\n","message":"Source \"02_32_DepotFacet.sol\" not found: File outside of allowed directories.","severity":"error","sourceLocation":{"end":203,"file":"01_32_FlashDepot.sol","start":153},"type":"ParserError"},{"component":"general","errorCode":"6275","formattedMessage":"01_32_FlashDepot.sol:8:1: ParserError: Source \"03_32_TokenSupportFacet.sol\" not found: File outside of allowed directories.\nimport {TokenSupportFacet} from \"./03_32_TokenSupportFacet.sol\";\n^--------------------------------------------------------------^\n","message":"Source \"03_32_TokenSupportFacet.sol\" not found: File outside of allowed directories.","severity":"error","sourceLocation":{"end":268,"file":"01_32_FlashDepot.sol","start":204},"type":"ParserError"},{"component":"general","errorCode":"6275","formattedMessage":"01_32_FlashDepot.sol:9:1: ParserError: Source \"14_32_LibFunction.sol\" not found: File outside of allowed directories.\nimport {LibFunction} from \"./14_32_LibFunction.sol\";\n^--------------------------------------------------^\n","message":"Source \"14_32_LibFunction.sol\" not found: File outside of allowed directories.","severity":"error","sourceLocation":{"end":321,"file":"01_32_FlashDepot.sol","start":269},"type":"ParserError"},{"component":"general","errorCode":"6275","formattedMessage":"01_32_FlashDepot.sol:10:1: ParserError: Source \"13_32_LibFlashLoan.sol\" not found: File outside of allowed directories.\nimport {LibFlashLoan} from \"./13_32_LibFlashLoan.sol\";\n^----------------------------------------------------^\n","message":"Source \"13_32_LibFlashLoan.sol\" not found: File outside of allowed directories.","severity":"error","sourceLocation":{"end":376,"file":"01_32_FlashDepot.sol","start":322},"type":"ParserError"},{"component":"general","errorCode":"6275","formattedMessage":"01_32_FlashDepot.sol:11:1: ParserError: Source \"30_32_SafeERC20.sol\" not found: File outside of allowed directories.\nimport {SafeERC20} from \"./30_32_SafeERC20.sol\";\n^----------------------------------------------^\n","message":"Source \"30_32_SafeERC20.sol\" not found: File outside of allowed directories.","severity":"error","sourceLocation":{"end":425,"file":"01_32_FlashDepot.sol","start":377},"type":"ParserError"},{"component":"general","errorCode":"6275","formattedMessage":"01_32_FlashDepot.sol:12:1: ParserError: Source \"25_32_IERC20Permit.sol\" not found: File outside of allowed directories.\nimport {IERC20Permit} from \"./25_32_IERC20Permit.sol\";\n^----------------------------------------------------^\n","message":"Source \"25_32_IERC20Permit.sol\" not found: File outside of allowed directories.","severity":"error","sourceLocation":{"end":480,"file":"01_32_FlashDepot.sol","start":426},"type":"ParserError"},{"component":"general","errorCode":"6275","formattedMessage":"01_32_FlashDepot.sol:13:1: ParserError: Source \"28_32_IERC1155.sol\" not found: File outside of allowed directories.\nimport {IERC1155} from \"./28_32_IERC1155.sol\";\n^--------------------------------------------^\n","message":"Source \"28_32_IERC1155.sol\" not found: File outside of allowed directories.","severity":"error","sourceLocation":{"end":527,"file":"01_32_FlashDepot.sol","start":481},"type":"ParserError"},{"component":"general","errorCode":"6275","formattedMessage":"01_32_FlashDepot.sol:14:1: ParserError: Source \"05_32_IERC4494.sol\" not found: File outside of allowed directories.\nimport {IERC4494} from \"./05_32_IERC4494.sol\";\n^--------------------------------------------^\n","message":"Source \"05_32_IERC4494.sol\" not found: File outside of allowed directories.","severity":"error","sourceLocation":{"end":574,"file":"01_32_FlashDepot.sol","start":528},"type":"ParserError"},{"component":"general","errorCode":"6275","formattedMessage":"01_32_FlashDepot.sol:15:1: ParserError: Source \"31_32_IERC721.sol\" not found: File outside of allowed directories.\nimport {IERC721} from \"./31_32_IERC721.sol\";\n^------------------------------------------^\n","message":"Source \"31_32_IERC721.sol\" not found: File outside of allowed directories.","severity":"error","sourceLocation":{"end":619,"file":"01_32_FlashDepot.sol","start":575},"type":"ParserError"},{"component":"general","errorCode":"6275","formattedMessage":"01_32_FlashDepot.sol:16:1: ParserError: Source \"19_32_IERC20.sol\" not found: File outside of allowed directories.\nimport {IERC20} from \"./19_32_IERC20.sol\";\n^----------------------------------------^\n","message":"Source \"19_32_IERC20.sol\" not found: File outside of allowed directories.","severity":"error","sourceLocation":{"end":662,"file":"01_32_FlashDepot.sol","start":620},"type":"ParserError"},{"component":"general","errorCode":"6275","formattedMessage":"01_32_FlashDepot.sol:17:1: ParserError: Source \"06_32_IFlashLoanRecipient.sol\" not found: File outside of allowed directories.\nimport {IFlashLoanRecipient} from \"./06_32_IFlashLoanRecipient.sol\";\n^------------------------------------------------------------------^\n","message":"Source \"06_32_IFlashLoanRecipient.sol\" not found: File outside of allowed directories.","severity":"error","sourceLocation":{"end":731,"file":"01_32_FlashDepot.sol","start":663},"type":"ParserError"},{"component":"general","errorCode":"6275","formattedMessage":"01_32_FlashDepot.sol:18:1: ParserError: Source \"08_32_IVault.sol\" not found: File outside of allowed directories.\nimport {IVault} from \"./08_32_IVault.sol\";\n^----------------------------------------^\n","message":"Source \"08_32_IVault.sol\" not found: File outside of allowed directories.","severity":"error","sourceLocation":{"end":774,"file":"01_32_FlashDepot.sol","start":732},"type":"ParserError"}],"sources":{}}

> stderr:
